app/seeds.txt
com.yxt.R$styleable: int ConstraintSet_layout_constraintEnd_toEndOf
com.yxt.R$styleable: int ConstraintLayout_Layout_android_maxWidth
com.yxt.view.Button: void setTitleColor(int)
com.yxt.view.Button$TextPosition: com.yxt.view.Button$TextPosition[] values()
com.yxt.R$styleable: int[] AppCompatTheme
com.yxt.R$styleable: int TextAppearance_fontFamily
com.yxt.R$styleable: int ConstraintLayout_Layout_layout_constraintBaseline_toBaselineOf
com.yxt.R$styleable: int ConstraintLayout_Layout_layout_goneMarginLeft
com.yxt.bean.BaseBean
com.yxt.R$styleable: int ConstraintSet_layout_constraintVertical_weight
com.yxt.view.Button$ButtonStatus: com.yxt.view.Button$ButtonStatus[] values()
com.yxt.R$styleable: int AppCompatTheme_actionButtonStyle
com.yxt.R$styleable: int AppCompatTheme_actionModeShareDrawable
com.yxt.R$styleable: int AppCompatTheme_actionMenuTextAppearance
com.yxt.R$styleable: int AppCompatTheme_spinnerStyle
com.yxt.R$styleable: int ConstraintLayout_Layout_layout_constraintLeft_toLeftOf
com.yxt.R$styleable: int LinearLayoutCompat_divider
com.yxt.R$styleable: int ConstraintSet_android_rotation
com.yxt.R$styleable: int[] Spinner
com.yxt.R$styleable: int ConstraintSet_layout_goneMarginLeft
com.yxt.R$styleable: int ConstraintSet_layout_constraintHeight_min
com.yxt.R$styleable: int AppCompatTheme_selectableItemBackground
com.yxt.R$styleable: int Toolbar_title
com.yxt.R$styleable: int AppCompatTheme_imageButtonStyle
com.yxt.R$styleable: int[] Toolbar
com.yxt.R$styleable: int AnimatedStateListDrawableTransition_android_fromId
com.yxt.view.BarButtonItem: int getTintColor()
com.yxt.R$styleable: int AppCompatTheme_popupWindowStyle
com.yxt.R$styleable: int ActionMode_height
com.yxt.R$styleable: int ActionBar_backgroundSplit
com.yxt.R$styleable: int AppCompatTheme_textAppearanceListItem
com.yxt.R$styleable: int AppCompatTheme_actionModeSelectAllDrawable
com.yxt.R$styleable: int AppCompatSeekBar_tickMark
com.yxt.R$styleable: int AppCompatTextView_firstBaselineToTopHeight
com.yxt.R$styleable: int ConstraintSet_layout_constraintHorizontal_chainStyle
com.yxt.R$styleable: int ActionBar_contentInsetEnd
com.yxt.R$styleable: int ConstraintSet_layout_constraintWidth_percent
com.yxt.R$styleable: int AnimatedStateListDrawableCompat_android_dither
com.yxt.R$styleable: int GradientColor_android_startY
com.yxt.R$styleable: int Toolbar_collapseIcon
com.yxt.R$styleable: int CoordinatorLayout_Layout_layout_keyline
com.yxt.R$styleable: int ConstraintSet_layout_goneMarginEnd
com.yxt.view.NavigationBar: void setLeftBarItem(com.yxt.view.BarButtonItem)
com.yxt.R$styleable: int ActionBar_customNavigationLayout
com.yxt.R$styleable: int AppCompatTheme_selectableItemBackgroundBorderless
com.yxt.R$styleable: int ConstraintSet_layout_constraintRight_toLeftOf
com.yxt.R$styleable: int DashView_dashOrientation
com.yxt.view.BarButtonItem: com.yxt.view.Button getTitleButton()
com.yxt.bean.BaseBean: void setMsg(java.lang.String)
com.yxt.R$styleable: int[] MenuGroup
com.yxt.R$styleable: int AppCompatTextView_lastBaselineToBottomHeight
com.yxt.R$styleable: int AppCompatTheme_listDividerAlertDialog
com.yxt.view.NavigationBar: void setTitle(java.lang.CharSequence)
com.yxt.R$styleable: int Toolbar_maxButtonHeight
com.yxt.R$styleable: int ConstraintLayout_Layout_android_minHeight
com.yxt.R$styleable: int ConstraintLayout_Layout_layout_constraintTop_creator
com.yxt.R$styleable: int ConstraintLayout_Layout_layout_constraintVertical_weight
com.yxt.R$styleable: int LinearConstraintLayout_android_orientation
com.yxt.base.BaseActivity: void setContentView(android.view.View)
com.yxt.R$styleable: int[] AnimatedStateListDrawableItem
com.yxt.R$styleable: int View_theme
com.yxt.R$styleable: int AppCompatTheme_actionModePopupWindowStyle
com.yxt.R$styleable: int ActionBar_contentInsetStartWithNavigation
com.yxt.R$styleable: int PopupWindow_android_popupAnimationStyle
com.yxt.view.NavigationBar: void setRightBarItem(com.yxt.view.BarButtonItem)
...
com.google.gson.internal.bind.TypeAdapters$5: void write(com.google.gson.stream.JsonWriter,java.lang.Object)
androidx.documentfile.provider.TreeDocumentFile: boolean exists()
androidx.constraintlayout.widget.R$styleable: int ConstraintSet_layout_goneMarginTop
androidx.annotation.LongDef: boolean open()
androidx.viewpager.widget.ViewPager: androidx.viewpager.widget.ViewPager$ItemInfo mTempItem
androidx.core.view.accessibility.AccessibilityNodeInfoCompat$CollectionInfoCompat: boolean isHierarchical()
androidx.appcompat.widget.AppCompatTextView: AppCompatTextView(android.content.Context)
com.lzy.okgo.db.DownloadManager: android.content.ContentValues getContentValues(java.lang.Object)
androidx.appcompat.R$drawable: int notification_tile_bg
androidx.appcompat.graphics.drawable.DrawableContainer: int getChangingConfigurations()
androidx.appcompat.R$attr: int searchViewStyle
androidx.appcompat.R$drawable: int abc_control_background_material
androidx.fragment.app.FragmentManagerImpl$StartEnterTransitionListener: FragmentManagerImpl$StartEnterTransitionListener(androidx.fragment.app.BackStackRecord,boolean)
androidx.appcompat.view.menu.MenuItemImpl: java.lang.String getShortcutLabel()
androidx.core.content.res.FontResourcesParserCompat$FamilyResourceEntry
androidx.appcompat.R$attr: int homeAsUpIndicator
androidx.appcompat.widget.AppCompatImageView: void setSupportBackgroundTintMode(android.graphics.PorterDuff$Mode)
androidx.customview.widget.FocusStrategy: boolean isToDirectionOf(int,android.graphics.Rect,android.graphics.Rect)
androidx.swiperefreshlayout.widget.CircularProgressDrawable$Ring: void setArrowDimensions(float,float)
androidx.appcompat.app.AlertDialog: int resolveDialogTheme(android.content.Context,int)
androidx.versionedparcelable.VersionedParcel: float readFloat()
androidx.appcompat.widget.AppCompatEditText: AppCompatEditText(android.content.Context,android.util.AttributeSet,int)
androidx.appcompat.app.AppCompatDelegateImpl$PanelFeatureState$SavedState: android.os.Parcelable$Creator CREATOR
androidx.constraintlayout.solver.widgets.ConstraintTableLayout: int ALIGN_FULL
androidx.asynclayoutinflater.R$id: int tag_unhandled_key_listeners
androidx.core.app.NotificationCompat$CarExtender: java.lang.String EXTRA_INVISIBLE_ACTIONS
androidx.lifecycle.LifecycleRegistry$ObserverWithState
androidx.appcompat.widget.AppCompatTextHelper: androidx.appcompat.widget.TintInfo mDrawableRightTint
androidx.vectordrawable.graphics.drawable.AndroidResources
androidx.appcompat.widget.AppCompatRadioButton: void setButtonDrawable(android.graphics.drawable.Drawable)
okhttp3.internal.connection.StreamAllocation: void release(okhttp3.internal.connection.RealConnection)
androidx.appcompat.R$dimen: int abc_dialog_padding_top_material
com.google.gson.internal.LinkedHashTreeMap$EntrySet: boolean contains(java.lang.Object)
androidx.appcompat.view.menu.ListMenuItemView: int mMenuType
androidx.fragment.app.Fragment: void setNextAnim(int)
androidx.appcompat.R$drawable: int abc_ratingbar_material
androidx.vectordrawable.graphics.drawable.VectorDrawableCompat$VectorDrawableCompatState: boolean canReuseCache()
androidx.vectordrawable.graphics.drawable.VectorDrawableCompat: void setAutoMirrored(boolean)
androidx.fragment.app.Fragment$3: androidx.lifecycle.Lifecycle getLifecycle()
androidx.core.view.GestureDetectorCompat$GestureDetectorCompatImplBase: boolean isConsideredDoubleTap(android.view.MotionEvent,android.view.MotionEvent,android.view.MotionEvent)
com.google.gson.internal.bind.TypeAdapters$20
androidx.constraintlayout.widget.Placeholder: int mContentId
androidx.appcompat.app.WindowDecorActionBar: androidx.appcompat.view.ActionMode$Callback mDeferredModeDestroyCallback
androidx.coordinatorlayout.widget.CoordinatorLayout$LayoutParams: void resetNestedScroll(int)
okhttp3.internal.connection.RealConnection: java.lang.String NPE_THROW_WITH_NULL
okhttp3.package-info
androidx.swiperefreshlayout.R$id: int time