app/mapping.txt
# compiler: R8
# compiler_version: 1.5.68
# min_api: 21
# pg_map_id: f250b19
com.yxt.R$styleable -> b.a.a:
    4348:14608:void <clinit>() -> <clinit>
com.yxt.activity.LoginActivity -> com.yxt.activity.LoginActivity:
    14:14:void <init>() -> <init>
    14:14:com.yxt.base.BaseViewPresenter createPresenter() -> a
    14:14:void setPresenter(java.lang.Object) -> a
    33:33:com.yxt.presenter.LoginPresenter createPresenter() -> a
    50:51:void setPresenter(com.yxt.contract.LoginContract$Presenter) -> a
    75:78:void loginSuccess(com.yxt.bean.UserBean) -> a
    28:29:void initView() -> c
    38:46:void onClickButton(android.view.View) -> onClickButton
    20:24:void onCreate(android.os.Bundle) -> onCreate
com.yxt.activity.MainActivity -> com.yxt.activity.MainActivity:
    androidx.appcompat.widget.ContentFrameLayout frameLayout -> d
    androidx.fragment.app.FragmentTabHost tabHost -> e
    13:13:void <init>() -> <init>
    13:13:com.yxt.base.BaseViewPresenter createPresenter() -> a
    13:13:void setPresenter(java.lang.Object) -> a
    34:34:com.yxt.presenter.MainPresenter createPresenter() -> a
    40:40:void setPresenter(com.yxt.contract.MainContract$Presenter) -> a
    27:30:void initView() -> c
    20:23:void onCreate(android.os.Bundle) -> onCreate
com.yxt.base.BaseActivity -> com.yxt.base.BaseActivity:
    com.yxt.view.NavigationBar navigationBar -> c
    com.yxt.base.BaseViewPresenter mPresente -> a
    android.os.Handler handler -> b
    24:24:void <init>() -> <init>
    com.yxt.base.BaseViewPresenter createPresenter() -> a
    95:98:void setNavigationBar(com.yxt.view.NavigationBar) -> a
    91:91:com.yxt.view.NavigationBar getNavigationBar() -> b
    31:56:void onCreate(android.os.Bundle) -> onCreate
    133:138:void onDestroy() -> onDestroy
    60:62:void onStart() -> onStart
    102:103:void setContentView(int) -> setContentView
    107:108:void setContentView(android.view.View) -> setContentView
    112:123:void setContentView(android.view.View,android.view.ViewGroup$LayoutParams) -> setContentView
    66:72:void setTitle(java.lang.CharSequence) -> setTitle
    75:76:void setTitleView(android.view.View) -> setTitleView
com.yxt.base.BaseActivity$1 -> com.yxt.base.BaseActivity$a:
    com.yxt.base.BaseActivity this$0 -> a
    48:48:void <init>(com.yxt.base.BaseActivity) -> <init>
    51:52:void onClick(android.view.View) -> onClick
com.yxt.base.BaseApplication -> com.yxt.base.BaseApplication:
    com.yxt.utils.SPUtils sp -> a
    21:21:void <init>() -> <init>
    25:74:void onCreate() -> onCreate
com.yxt.base.BaseFragment -> com.yxt.base.a:
    com.yxt.base.BaseViewPresenter mPresente -> a
    15:15:void <init>() -> <init>
    29:32:void onDestroy() -> onDestroy
com.yxt.base.BasePresenter -> com.yxt.base.b:
com.yxt.base.BaseView -> com.yxt.base.c:
    void setPresenter(java.lang.Object) -> a
com.yxt.base.BaseViewPresenter -> com.yxt.base.d:
    java.lang.ref.Reference mViewRef -> a
    8:8:void <init>() -> <init>
    13:14:void attachView(java.lang.Object) -> a
    32:37:void detachView() -> a
com.yxt.bean.BaseBean -> com.yxt.bean.BaseBean:
    9:9:void <init>() -> <init>
    20:20:java.lang.String getCode() -> getCode
    28:28:java.lang.String getMsg() -> getMsg
    24:25:void setCode(java.lang.String) -> setCode
    32:33:void setMsg(java.lang.String) -> setMsg
com.yxt.bean.UserBean -> com.yxt.bean.a:
    7:7:void <init>() -> <init>
com.yxt.contract.LoginContract$Presenter -> b.a.b.a:
com.yxt.contract.LoginContract$View -> b.a.b.b:
    void loginSuccess(com.yxt.bean.UserBean) -> a
com.yxt.contract.MainContract$Presenter -> b.a.b.c:
com.yxt.contract.MainContract$View -> b.a.b.d:
com.yxt.fragment.MineFragment -> b.a.c.a:
    android.view.View view -> b
    20:20:void <init>() -> <init>
    26:31:android.view.View onCreateView(android.view.LayoutInflater,android.view.ViewGroup,android.os.Bundle) -> onCreateView
...
androidx.lifecycle.ReflectiveGenericLifecycleObserver -> androidx.lifecycle.ReflectiveGenericLifecycleObserver:
    29:32:void <init>(java.lang.Object) -> <init>
    36:37:void onStateChanged(androidx.lifecycle.LifecycleOwner,androidx.lifecycle.Lifecycle$Event) -> onStateChanged
androidx.lifecycle.ReportFragment -> androidx.lifecycle.ReportFragment:
    31:131:void <init>() -> <init>
    113:125:void dispatch(androidx.lifecycle.Lifecycle$Event) -> dispatch
    54:57:void dispatchCreate(androidx.lifecycle.ReportFragment$ActivityInitializationListener) -> dispatchCreate
    66:69:void dispatchResume(androidx.lifecycle.ReportFragment$ActivityInitializationListener) -> dispatchResume
    60:63:void dispatchStart(androidx.lifecycle.ReportFragment$ActivityInitializationListener) -> dispatchStart
    47:47:androidx.lifecycle.ReportFragment get(android.app.Activity) -> get
    38:44:void injectIfNeededIn(android.app.Activity) -> injectIfNeededIn
    73:76:void onActivityCreated(android.os.Bundle) -> onActivityCreated
    106:110:void onDestroy() -> onDestroy
    94:96:void onPause() -> onPause
    87:90:void onResume() -> onResume
    80:83:void onStart() -> onStart
    100:102:void onStop() -> onStop
    128:129:void setProcessListener(androidx.lifecycle.ReportFragment$ActivityInitializationListener) -> setProcessListener
androidx.lifecycle.SingleGeneratedAdapterObserver -> androidx.lifecycle.SingleGeneratedAdapterObserver:
    29:31:void <init>(androidx.lifecycle.GeneratedAdapter) -> <init>
    35:37:void onStateChanged(androidx.lifecycle.LifecycleOwner,androidx.lifecycle.Lifecycle$Event) -> onStateChanged
androidx.lifecycle.Transformations -> androidx.lifecycle.Transformations:
    35:36:void <init>() -> <init>
    71:78:androidx.lifecycle.LiveData map(androidx.lifecycle.LiveData,androidx.arch.core.util.Function) -> map
    135:159:androidx.lifecycle.LiveData switchMap(androidx.lifecycle.LiveData,androidx.arch.core.util.Function) -> switchMap
androidx.lifecycle.Transformations$1 -> androidx.lifecycle.Transformations$1:
    72:72:void <init>(androidx.lifecycle.MediatorLiveData,androidx.arch.core.util.Function) -> <init>
    75:76:void onChanged(java.lang.Object) -> onChanged
androidx.lifecycle.Transformations$2 -> androidx.lifecycle.Transformations$2:
    136:136:void <init>(androidx.arch.core.util.Function,androidx.lifecycle.MediatorLiveData) -> <init>
    141:157:void onChanged(java.lang.Object) -> onChanged
androidx.lifecycle.Transformations$2$1 -> androidx.lifecycle.Transformations$2$1:
    150:150:void <init>(androidx.lifecycle.Transformations$2) -> <init>
    153:154:void onChanged(java.lang.Object) -> onChanged
androidx.lifecycle.ViewModel -> androidx.lifecycle.ViewModel:
    96:96:void <init>() -> <init>
    105:105:void onCleared() -> onCleared
androidx.lifecycle.ViewModelProvider -> androidx.lifecycle.ViewModelProvider:
    67:68:void <init>(androidx.lifecycle.ViewModelStoreOwner,androidx.lifecycle.ViewModelProvider$Factory) -> <init>
    78:81:void <init>(androidx.lifecycle.ViewModelStore,androidx.lifecycle.ViewModelProvider$Factory) -> <init>
    99:101:androidx.lifecycle.ViewModel get(java.lang.Class) -> get
    123:138:androidx.lifecycle.ViewModel get(java.lang.String,java.lang.Class) -> get
androidx.lifecycle.ViewModelProvider$AndroidViewModelFactory -> androidx.lifecycle.ViewModelProvider$AndroidViewModelFactory:
    190:192:void <init>(android.app.Application) -> <init>
    197:211:androidx.lifecycle.ViewModel create(java.lang.Class) -> create
    177:180:androidx.lifecycle.ViewModelProvider$AndroidViewModelFactory getInstance(android.app.Application) -> getInstance
androidx.lifecycle.ViewModelProvider$NewInstanceFactory -> androidx.lifecycle.ViewModelProvider$NewInstanceFactory:
    144:144:void <init>() -> <init>
    152:154:androidx.lifecycle.ViewModel create(java.lang.Class) -> create