app/unused.txt
com.yxt.contract.LoginContract$Presenter
    public abstract void login(java.lang.String,java.lang.String)
com.yxt.network.Observable$OnSubscribe
com.yxt.activity.LoginActivity
    public boolean isActive()
    public void showProgress()
    public void dismissProgress()
    public void showTip(java.lang.String)
com.yxt.R$attr
com.yxt.R$anim
com.yxt.utils.TimeUtils$1
com.yxt.network.NetApi
    public void <init>()
    private static java.lang.Object jsonToBean(com.google.gson.JsonElement,java.lang.Class)
    private static java.util.ArrayList fromJsonList(com.google.gson.JsonElement,java.lang.Class)
    private void successAnalysis(android.content.Context,boolean,java.lang.Class,com.yxt.network.Observer,com.lzy.okgo.model.Response)
    static synthetic void access$000(com.yxt.network.NetApi,android.content.Context,boolean,java.lang.Class,com.yxt.network.Observer,com.lzy.okgo.model.Response)
    public com.yxt.network.NetApi setTag(java.lang.Object)
    public com.yxt.network.Observable get(android.content.Context,java.lang.String,boolean,java.util.Map,java.lang.Class)
    public com.yxt.network.Observable post(android.content.Context,java.lang.String,boolean,java.util.Map,java.lang.Class)
    private java.lang.String NET_SUCCESS
    private java.lang.String JSON_BODY
    java.lang.Object Tag
com.yxt.view.LSAlert$DialogCallback
com.yxt.R$dimen
com.yxt.utils.StatusBarUtils
    public void <init>()
    public static void StatusBarLightMode(android.app.Activity,int)
    public static void StatusBarDarkMode(android.app.Activity,int)
com.yxt.utils.PhoneUtils
com.yxt.R$drawable
com.yxt.bean.UserBean
    public java.lang.String getToken()
    public void setToken(java.lang.String)
    private java.lang.String token
com.yxt.R$mipmap
com.yxt.R$id
com.yxt.utils.SizeUtils$onGetSizeListener
com.yxt.utils.FileUtils
com.yxt.utils.SPUtils
    public void putString(java.lang.String,java.lang.String)
    public void putInt(java.lang.String,int)
    public int getInt(java.lang.String)
    public int getInt(java.lang.String,int)
    public void putLong(java.lang.String,long)
    public long getLong(java.lang.String)
    public long getLong(java.lang.String,long)
    public void putFloat(java.lang.String,float)
    public float getFloat(java.lang.String)
    public float getFloat(java.lang.String,float)
    public void putBoolean(java.lang.String,boolean)
    public boolean getBoolean(java.lang.String)
    public boolean getBoolean(java.lang.String,boolean)
    public java.util.Map getAll()
    public void remove(java.lang.String)
    public boolean contains(java.lang.String)
    public void clear()
com.yxt.utils.NetUtils
com.yxt.utils.KeyboardUtil$1
com.yxt.network.NetApi$2$1
com.yxt.view.LSAlert$AlertCallback
com.yxt.view.BarButtonItem
    public void <init>(android.content.Context,int)
    protected float width
com.yxt.utils.NotificationCenter$NotificationCenterObserver
com.yxt.base.BaseActivity
    public abstract void initView()
    public void setLeftNavigationItem(java.lang.String,android.view.View$OnClickListener)
    public void setRightNavigationItem(java.lang.String,android.view.View$OnClickListener)
    public void runUiThread(java.lang.Runnable)
com.yxt.network.ErrorCallBack
com.yxt.view.Button
    public boolean isHighlight()
com.yxt.utils.TensorFlowUtils
com.yxt.BuildConfig
com.yxt.R$string
com.yxt.utils.SizeUtils$1
com.yxt.contract.MainContract
com.yxt.R$styleable
    public void <init>()
com.yxt.utils.KeyboardUtil
com.yxt.view.ProcessDialog
com.yxt.contract.MainContract$View
    public abstract void tabFragment(int)
com.yxt.view.LSAlert$2
com.yxt.R$layout
com.yxt.network.Observable
com.yxt.utils.NotificationCenter
    public void addObserver(com.yxt.utils.NotificationCenter$NotificationCenterObserver,java.lang.String)
    public void postNotification(java.lang.String,java.lang.Object)
    public void removeObserver(com.yxt.utils.NotificationCenter$NotificationCenterObserver,java.lang.String)
com.yxt.R
com.yxt.utils.SizeUtils
...
feign.Contract
feign.Retryer$1
feign.Types$GenericArrayTypeImpl
feign.ReflectiveFeign$BuildEncodedTemplateFromArgs
feign.ReflectiveFeign$BuildTemplateByResolvingArgs
feign.SynchronousMethodHandler$1
feign.codec.StringDecoder
feign.Types
    private void <init>()
    static java.lang.Class getRawType(java.lang.reflect.Type)
    static java.lang.reflect.Type getGenericSupertype(java.lang.reflect.Type,java.lang.Class,java.lang.Class)
    private static int indexOf(java.lang.Object[],java.lang.Object)
    static java.lang.reflect.Type getSupertype(java.lang.reflect.Type,java.lang.Class,java.lang.Class)
    static java.lang.reflect.Type resolve(java.lang.reflect.Type,java.lang.Class,java.lang.reflect.Type)
    private static java.lang.reflect.Type resolveTypeVariable(java.lang.reflect.Type,java.lang.Class,java.lang.reflect.TypeVariable)
    private static java.lang.Class declaringClassOf(java.lang.reflect.TypeVariable)
pl.droidsonroids.gif.GifViewUtils
    private void <init>()
    static final java.lang.String ANDROID_NS
feign.DefaultMethodHandler
okio.HashingSource
pl.droidsonroids.gif.LibraryLoader
    private void <init>()
    public static void initialize(android.content.Context)
    static final java.lang.String SURFACE_LIBRARY_NAME
    static final java.lang.String BASE_LIBRARY_NAME
feign.Feign$Builder
feign.codec.Decoder
pl.droidsonroids.gif.GifTextureView
    public void <init>(android.content.Context,android.util.AttributeSet,int,int)
feign.Response$ByteArrayBody
feign.Feign
okio.Options
feign.auth.BasicAuthRequestInterceptor
feign.Retryer$Default
feign.Response
    private void <init>(feign.Response$Builder)
    public static feign.Response create(int,java.lang.String,java.util.Map,java.io.InputStream,java.lang.Integer)
    public static feign.Response create(int,java.lang.String,java.util.Map,byte[])
    public static feign.Response create(int,java.lang.String,java.util.Map,java.lang.String,java.nio.charset.Charset)
    public static feign.Response create(int,java.lang.String,java.util.Map,feign.Response$Body)
    public static feign.Response$Builder builder()
    private static java.util.Map caseInsensitiveCopyOf(java.util.Map)
    static synthetic int access$300(feign.Response)
    static synthetic java.lang.String access$400(feign.Response)
    static synthetic java.util.Map access$500(feign.Response)
    static synthetic feign.Response$Body access$600(feign.Response)
    static synthetic feign.Request access$700(feign.Response)
    synthetic void <init>(feign.Response$Builder,feign.Response$1)
    public feign.Response$Builder toBuilder()
    public java.lang.String reason()
    public java.util.Map headers()
    public feign.Request request()
    public java.lang.String toString()
    public void close()
    private final int status
    private final java.lang.String reason
    private final java.util.Map headers
    private final feign.Response$Body body
    private final feign.Request request
okio.GzipSource
    private static final byte FHCRC
    private static final byte FEXTRA
    private static final byte FNAME
    private static final byte FCOMMENT
    private static final byte SECTION_HEADER
    private static final byte SECTION_BODY
    private static final byte SECTION_TRAILER
    private static final byte SECTION_DONE
pl.droidsonroids.gif.InvalidationHandler
    static final int MSG_TYPE_INVALIDATION
feign.Response$InputStreamBody
feign.HeaderMap
feign.SynchronousMethodHandler$Factory
android.support.v4.os.IResultReceiver$Stub$Proxy
    public java.lang.String getInterfaceDescriptor()
    public void send(int,android.os.Bundle)
feign.Response$Body
    public abstract java.lang.Integer length()
    public abstract boolean isRepeatable()
    public abstract java.io.InputStream asInputStream()
feign.InvocationHandlerFactory
feign.gson.GsonDecoder
feign.codec.ErrorDecoder$Default
feign.ReflectiveFeign$ParseHandlersByName
feign.Logger$JavaLogger
feign.Logger$JavaLogger$1